<?xml version="1.0" encoding="UTF-8"?>
<testng-results total="2" passed="2" failed="0" skipped="0">
  <reporter-output>
    <line>
      <![CDATA[Application opened]]>
    </line>
    <line>
      <![CDATA[Application opened]]>
    </line>
  </reporter-output>
  <suite started-at="2024-03-06T07:34:35Z" name="Suite" finished-at="2024-03-06T07:34:53Z" duration-ms="17588">
    <groups>
    </groups>
    <test started-at="2024-03-06T07:34:35Z" name="Test" finished-at="2024-03-06T07:34:53Z" duration-ms="17588">
      <class name="com.hrms.Testscripts.Tc002">
        <test-method signature="tc002()[pri:0, instance:com.hrms.Testscripts.Tc002@4ef37659]" started-at="2024-03-06T13:04:44Z" name="tc002" finished-at="2024-03-06T13:04:53Z" duration-ms="9064" status="PASS">
          <reporter-output>
            <line>
              <![CDATA[Application opened]]>
            </line>
          </reporter-output>
        </test-method> <!-- tc002 -->
      </class> <!-- com.hrms.Testscripts.Tc002 -->
      <class name="com.hrms.Testscripts.Tc001">
        <test-method signature="tc001()[pri:0, instance:com.hrms.Testscripts.Tc001@40cb8df7]" started-at="2024-03-06T13:04:35Z" name="tc001" finished-at="2024-03-06T13:04:44Z" duration-ms="8506" status="PASS">
          <reporter-output>
            <line>
              <![CDATA[Application opened]]>
            </line>
          </reporter-output>
        </test-method> <!-- tc001 -->
      </class> <!-- com.hrms.Testscripts.Tc001 -->
    </test> <!-- Test -->
  </suite> <!-- Suite -->
</testng-results>
